<beans xmlns:xsi="http://www.w3.org/2001/XMLSchema-instance"
       xmlns:context="http://www.springframework.org/schema/context"
       xmlns:jdbc="http://www.springframework.org/schema/jdbc"
       xmlns="http://www.springframework.org/schema/beans"
       xsi:schemaLocation="http://www.springframework.org/schema/beans
	http://www.springframework.org/schema/beans/spring-beans-3.0.xsd
	http://www.springframework.org/schema/context
	http://www.springframework.org/schema/context/spring-context-3.0.xsd
	http://www.springframework.org/schema/jdbc
	http://www.springframework.org/schema/jdbc/spring-jdbc.xsd">

    <context:annotation-config/>

    <bean class="org.springframework.beans.factory.config.PropertyPlaceholderConfigurer">
        <property name="systemPropertiesModeName" value="SYSTEM_PROPERTIES_MODE_OVERRIDE"/>
    </bean>

    <jdbc:embedded-database id="dataSource" type="H2">
        <jdbc:script location="classpath:db/create.sql"/>
    </jdbc:embedded-database>

    <bean id="ioHandler" class="at.ac.tuwien.qse.sepm.util.TestIOHandler"></bean>
    <bean id="importService" class="at.ac.tuwien.qse.sepm.service.impl.ImportServiceImpl"
          destroy-method="close">
    </bean>

    <bean id="photoService" class="at.ac.tuwien.qse.sepm.service.impl.PhotoServiceImpl"></bean>

    <bean id="tagService" class="at.ac.tuwien.qse.sepm.service.impl.TagServiceImpl"></bean>

    <bean id="dropboxService" class="at.ac.tuwien.qse.sepm.service.impl.DropboxServiceImpl"
          destroy-method="close">
    </bean>

    <bean id="exifService" class="at.ac.tuwien.qse.sepm.service.impl.ExifServiceImpl"></bean>
    <bean id="geoService" class="at.ac.tuwien.qse.sepm.service.impl.GeoServiceImpl"></bean>

    <bean id="clusterService" class="at.ac.tuwien.qse.sepm.service.impl.ClusterServiceImpl"></bean>
    <bean id="photographerService" class="at.ac.tuwien.qse.sepm.service.impl.PhotographerServiceImpl"></bean>
    <bean id="flickrService" class="at.ac.tuwien.qse.sepm.service.impl.FlickrServiceImpl"></bean>

    <bean id="photoDAO" class="at.ac.tuwien.qse.sepm.dao.impl.JDBCPhotoDAO">
        <constructor-arg value="${java.io.tmpdir}/travelimg"></constructor-arg>
    </bean>

    <bean id="tagDAO" class="at.ac.tuwien.qse.sepm.dao.impl.JDBCTagDAO"></bean>
    <bean id="photoTagDAO" class="at.ac.tuwien.qse.sepm.dao.impl.JDBCPhotoTagDAO"></bean>
    <bean id="photographerDAO" class="at.ac.tuwien.qse.sepm.dao.impl.JDBCPhotographerDAO"></bean>
    <bean id="journeyDAO" class="at.ac.tuwien.qse.sepm.dao.impl.JDBCJourneyDAO"></bean>
    <bean id="placeDAO" class="at.ac.tuwien.qse.sepm.dao.impl.JDBCPlaceDAO"></bean>
</beans>