<beans xmlns="http://www.springframework.org/schema/beans"
       xmlns:xsi="http://www.w3.org/2001/XMLSchema-instance"
       xmlns:context="http://www.springframework.org/schema/context"
       xmlns:jdbc="http://www.springframework.org/schema/jdbc"
       xmlns:int="http://www.springframework.org/schema/integration"
       xmlns:int-file="http://www.springframework.org/schema/integration/file"
       xsi:schemaLocation="http://www.springframework.org/schema/beans
	http://www.springframework.org/schema/beans/spring-beans-3.0.xsd
	http://www.springframework.org/schema/context
	http://www.springframework.org/schema/context/spring-context-3.0.xsd
	http://www.springframework.org/schema/jdbc
	http://www.springframework.org/schema/jdbc/spring-jdbc.xsd">

    <context:annotation-config />

    <bean class="org.springframework.beans.factory.config.PropertyPlaceholderConfigurer" >
        <property name="systemPropertiesModeName" value="SYSTEM_PROPERTIES_MODE_OVERRIDE" />
    </bean>

    <jdbc:embedded-database id="dataSource" type="H2">
        <jdbc:script location="classpath:db/create.sql"/>
    </jdbc:embedded-database>

    <bean id="transactionManager"
          class="org.springframework.jdbc.datasource.DataSourceTransactionManager"
          scope="singleton">
        <property name="dataSource" ref="dataSource" />
    </bean>

    <bean id="importService" class="at.ac.tuwien.qse.sepm.service.impl.ImportServiceImpl"
          destroy-method="close">
    </bean>

    <bean id="photoService" class="at.ac.tuwien.qse.sepm.service.impl.PhotoServiceImpl"
          destroy-method="close">
    </bean>

    <bean id="exifService" class="at.ac.tuwien.qse.sepm.service.impl.ExifServiceImpl"></bean>
    <bean id="geoService" class="at.ac.tuwien.qse.sepm.service.impl.GeoServiceImpl"></bean>

    <bean id="clusterService" class="at.ac.tuwien.qse.sepm.service.impl.ClusterServiceImpl"></bean>

    <bean id="photoDAO" class="at.ac.tuwien.qse.sepm.dao.impl.JDBCPhotoDAO">
        <constructor-arg value="${java.io.tmpdir}/travelimg"></constructor-arg>
    </bean>

    <bean id="tagDAO" class="at.ac.tuwien.qse.sepm.dao.impl.JDBCTagDAO"></bean>
    <bean id="photoTagDAO" class="at.ac.tuwien.qse.sepm.dao.impl.JDBCPhotoTagDAO"></bean>
    <bean id="photographerDAO" class="at.ac.tuwien.qse.sepm.dao.impl.JDBCPhotographerDAO"></bean>
</beans>